build/app/outputs/mapping/release/mapping.txt
# compiler: R8
# compiler_version: 1.5.64
# min_api: 16
# pg_map_id: 2d78999
...
com.google.android.gms.common.internal.service.zam -> com.google.android.gms.common.internal.a0.n:
    void zaa(com.google.android.gms.common.internal.service.zaj) -> a
com.google.android.gms.common.internal.zac -> com.google.android.gms.common.internal.b0:
    android.content.Intent zaoh -> a
    int val$requestCode -> c
    android.app.Activity val$activity -> b
    void redirect() -> a
com.google.android.gms.common.internal.zae -> com.google.android.gms.common.internal.c0:
    com.google.android.gms.common.api.internal.LifecycleFragment zaoi -> b
    android.content.Intent zaoh -> a
    int val$requestCode -> c
    void redirect() -> a
com.google.android.gms.common.internal.zaf -> com.google.android.gms.common.internal.d0:
    com.google.android.gms.common.api.GoogleApiClient$ConnectionCallbacks zaoj -> a
    void onConnected(android.os.Bundle) -> b
    void onConnectionSuspended(int) -> c
com.google.android.gms.common.internal.zag -> com.google.android.gms.common.internal.e0:
    com.google.android.gms.common.api.GoogleApiClient$OnConnectionFailedListener zaok -> a
    void onConnectionFailed(com.google.android.gms.common.ConnectionResult) -> a
com.google.android.gms.common.internal.zai -> com.google.android.gms.common.internal.f0:
    com.google.android.gms.common.api.ApiException zaf(com.google.android.gms.common.api.Status) -> a
com.google.android.gms.common.internal.zaj -> com.google.android.gms.common.internal.g0:
    com.google.android.gms.common.api.PendingResult zaov -> a
    com.google.android.gms.common.internal.PendingResultUtil$ResultConverter zaox -> c
    com.google.android.gms.common.internal.PendingResultUtil$zaa zaoy -> d
    com.google.android.gms.tasks.TaskCompletionSource zaow -> b
    void onComplete(com.google.android.gms.common.api.Status) -> a
com.google.android.gms.common.internal.zal -> com.google.android.gms.common.internal.h0:
    java.lang.Object convert(com.google.android.gms.common.api.Result) -> a
com.google.android.gms.common.internal.zam -> com.google.android.gms.common.internal.i0:
com.google.android.gms.common.internal.zan -> com.google.android.gms.common.internal.j0:
com.google.android.gms.common.internal.zzb -> com.google.android.gms.common.internal.k0:
    com.google.android.gms.common.Feature[] zzdb -> b
    android.os.Bundle zzda -> a
com.google.android.gms.common.internal.zzc -> com.google.android.gms.common.internal.l0:
com.google.android.gms.common.internal.zzd -> com.google.android.gms.common.internal.m0:
com.google.android.gms.common.internal.zze -> com.google.android.gms.common.internal.n0:
    android.os.Handler mHandler -> e
    long zzdy -> h
    long zzdx -> g
    android.content.Context zzdv -> d
    java.util.HashMap zzdu -> c
    com.google.android.gms.common.stats.ConnectionTracker zzdw -> f
    java.util.HashMap zza(com.google.android.gms.common.internal.zze) -> a
    boolean zza(com.google.android.gms.common.internal.GmsClientSupervisor$zza,android.content.ServiceConnection,java.lang.String) -> a
    android.os.Handler zzb(com.google.android.gms.common.internal.zze) -> b
    void zzb(com.google.android.gms.common.internal.GmsClientSupervisor$zza,android.content.ServiceConnection,java.lang.String) -> b
    android.content.Context zzc(com.google.android.gms.common.internal.zze) -> c
    com.google.android.gms.common.stats.ConnectionTracker zzd(com.google.android.gms.common.internal.zze) -> d
    long zze(com.google.android.gms.common.internal.zze) -> e